<?xml version="1.0" encoding="UTF-8"?>
<testsuite name="firstTest" tests="1" skipped="0" failures="0" errors="0" timestamp="2021-08-10T17:04:56" hostname="NB-845ABA" time="3.108">
  <properties/>
  <testcase name="searchTextTest()" classname="firstTest" time="3.108"/>
  <system-out><![CDATA[]]></system-out>
  <system-err><![CDATA[авг 10, 2021 8:04:56 PM io.appium.java_client.remote.AppiumCommandExecutor$1 lambda$0
INFO: Detected dialect: W3C
]]></system-err>
</testsuite>
