<?xml version="1.0" encoding="UTF-8"?>
<testsuite name="testSearch" tests="1" skipped="0" failures="0" errors="0" timestamp="2021-09-14T07:53:14" hostname="MacBook-Pro-Ivan-2.local" time="14.589">
  <properties/>
  <testcase name="assertTitleTest()" classname="testSearch" time="14.589"/>
  <system-out><![CDATA[]]></system-out>
  <system-err><![CDATA[сен 14, 2021 10:53:20 AM io.appium.java_client.remote.AppiumCommandExecutor$1 lambda$0
INFO: Detected dialect: W3C
]]></system-err>
</testsuite>
