<?xml version="1.0" encoding="UTF-8"?>
<testsuite name="testSearch" tests="1" skipped="0" failures="0" errors="0" timestamp="2021-09-21T14:37:25" hostname="MacBook-Pro-Ivan-2.local" time="12.317">
  <properties/>
  <testcase name="searchWordAndCheckAnswerTest()" classname="testSearch" time="12.317"/>
  <system-out><![CDATA[]]></system-out>
  <system-err><![CDATA[сен 21, 2021 5:37:32 PM io.appium.java_client.remote.AppiumCommandExecutor$1 lambda$0
INFO: Detected dialect: W3C
]]></system-err>
</testsuite>
